<?xml version="1.0" encoding="UTF-8"?>
<!-- Generated by org.testng.reporters.JUnitReportReporter -->
<testsuite skipped="0" hostname="CHEQL0094" name="eWait.e3ExplicitWaitUtil" tests="1" failures="0" timestamp="09 Nov 2018 10:18:03 GMT" time="42.734" errors="0">
  <testcase name="implicitWait" time="42.734" classname="eWait.e3ExplicitWaitUtil"/>
</testsuite> <!-- eWait.e3ExplicitWaitUtil -->
