<?xml version="1.0" encoding="UTF-8"?>
<!-- Generated by org.testng.reporters.JUnitReportReporter -->
<testsuite hostname="CHEQL0094" name="gHeadless.G1HeadlessChromeOption" tests="1" failures="0" timestamp="4 Jan 2019 08:04:57 GMT" time="26.626" errors="0">
  <testcase name="HeadlessChromeOption" time="26.626" classname="gHeadless.G1HeadlessChromeOption"/>
</testsuite> <!-- gHeadless.G1HeadlessChromeOption -->
