<?xml version="1.0" encoding="UTF-8"?>
<!-- Generated by org.testng.reporters.JUnitReportReporter -->
<testsuite skipped="0" hostname="CHEQL0094" name="iVerifyUIText.i3VerifyListFindElements" tests="1" failures="0" timestamp="25 Apr 2019 09:30:41 GMT" time="13.201" errors="0">
  <testcase name="findElements" time="13.201" classname="iVerifyUIText.i3VerifyListFindElements"/>
</testsuite> <!-- iVerifyUIText.i3VerifyListFindElements -->
