<?xml version="1.0" encoding="UTF-8"?>
<!-- Generated by org.testng.reporters.JUnitReportReporter -->
<testsuite skipped="0" hostname="CHEQL0094" name="eWait.e2ExplicitWaitsuntilConditionMet" tests="1" failures="0" timestamp="09 Nov 2018 10:08:38 GMT" time="40.530" errors="0">
  <testcase name="explicitWait" time="40.530" classname="eWait.e2ExplicitWaitsuntilConditionMet"/>
</testsuite> <!-- eWait.e2ExplicitWaitsuntilConditionMet -->
