<?xml version="1.0" encoding="UTF-8"?>
<!-- Generated by org.testng.reporters.JUnitReportReporter -->
<testsuite skipped="0" hostname="CHEQL0094" name="eWait.e4FluentWaitStandard" tests="1" failures="0" timestamp="09 Nov 2018 12:21:26 GMT" time="75.164" errors="0">
  <testcase name="implicitWait" time="75.164" classname="eWait.e4FluentWaitStandard"/>
</testsuite> <!-- eWait.e4FluentWaitStandard -->
