<?xml version="1.0" encoding="UTF-8"?>
<!-- Generated by org.testng.reporters.JUnitReportReporter -->
<testsuite skipped="0" hostname="CHEQL0094" name="hSwitchToCommand.h3SwitchToBootstrapModelWindow" tests="1" failures="0" timestamp="08 May 2019 11:12:33 GMT" time="9.125" errors="0">
  <testcase name="bootstrapMultiModel" time="9.125" classname="hSwitchToCommand.h3SwitchToBootstrapModelWindow"/>
</testsuite> <!-- hSwitchToCommand.h3SwitchToBootstrapModelWindow -->
