<?xml version="1.0" encoding="UTF-8"?>
<!-- Generated by org.testng.reporters.JUnitReportReporter -->
<testsuite skipped="0" hostname="CHEQL0094" name="eWait.e1ImplicitlyWaitbeforeException" tests="1" failures="0" timestamp="08 Nov 2018 06:20:52 GMT" time="15.258" errors="0">
  <testcase name="implicitWait" time="15.258" classname="eWait.e1ImplicitlyWaitbeforeException"/>
</testsuite> <!-- eWait.e1ImplicitlyWaitbeforeException -->
