<?xml version="1.0" encoding="UTF-8"?>
<!-- Generated by org.testng.reporters.JUnitReportReporter -->
<testsuite skipped="0" hostname="CHEQL0094" name="eWait.e6CustomeWait" tests="1" failures="0" timestamp="12 Nov 2018 10:33:59 GMT" time="16.218" errors="0">
  <testcase name="customWait" time="16.218" classname="eWait.e6CustomeWait"/>
</testsuite> <!-- eWait.e6CustomeWait -->
