<?xml version="1.0" encoding="UTF-8"?>
<!-- Generated by org.testng.reporters.JUnitReportReporter -->
<testsuite hostname="CHEQL0094" name="gHeadless.G2HTMLUnitDriverVersion" tests="1" failures="0" timestamp="7 Jan 2019 05:42:56 GMT" time="2.761" errors="0">
  <testcase name="HTMLUnitDriverVersion" time="2.761" classname="gHeadless.G2HTMLUnitDriverVersion"/>
</testsuite> <!-- gHeadless.G2HTMLUnitDriverVersion -->
