<?xml version="1.0" encoding="UTF-8"?>
<!-- Generated by org.testng.reporters.JUnitReportReporter -->
<testsuite skipped="0" hostname="CHEQL0094" name="hSwitchToCommand.h2SwitchToAlertMethod" tests="1" failures="0" timestamp="06 May 2019 16:15:03 GMT" time="37.940" errors="0">
  <testcase name="AlertMethod" time="37.940" classname="hSwitchToCommand.h2SwitchToAlertMethod"/>
</testsuite> <!-- hSwitchToCommand.h2SwitchToAlertMethod -->
