<?xml version="1.0" encoding="UTF-8"?>
<!-- Generated by org.testng.reporters.JUnitReportReporter -->
<testsuite skipped="0" hostname="CHEQL0094" name="iVerifyUIText.i1VerifyUIText" tests="1" failures="0" timestamp="14 May 2019 09:51:18 GMT" time="0.388" errors="0">
  <testcase name="verifyText" time="0.388" classname="iVerifyUIText.i1VerifyUIText"/>
</testsuite> <!-- iVerifyUIText.i1VerifyUIText -->
