<?xml version="1.0" encoding="UTF-8"?>
<!-- Generated by org.testng.reporters.JUnitReportReporter -->
<testsuite skipped="0" hostname="CHEQL0094" name="aSampleScriptonSeleniumWebDriver.a1SampleTestCase" tests="1" failures="0" timestamp="25 Apr 2019 09:41:26 GMT" time="0.061" errors="0">
  <testcase name="registerUser" time="0.061" classname="aSampleScriptonSeleniumWebDriver.a1SampleTestCase"/>
</testsuite> <!-- aSampleScriptonSeleniumWebDriver.a1SampleTestCase -->
