<?xml version="1.0" encoding="UTF-8"?>
<!-- Generated by org.testng.reporters.JUnitReportReporter -->
<testsuite hostname="CHEQL0094" name="gHeadless.G3PhantomJS" tests="1" failures="0" timestamp="7 Jan 2019 05:48:25 GMT" time="17.005" errors="0">
  <testcase name="PhantomJS" time="17.005" classname="gHeadless.G3PhantomJS"/>
</testsuite> <!-- gHeadless.G3PhantomJS -->
