<?xml version="1.0" encoding="UTF-8"?>
<!-- Generated by org.testng.reporters.JUnitReportReporter -->
<testsuite skipped="0" hostname="CHEQL0094" name="hSwitchToCommand.h1SwitchToAlert" tests="1" failures="0" timestamp="26 Apr 2019 13:03:28 GMT" time="23.514" errors="0">
  <testcase name="before" time="23.514" classname="hSwitchToCommand.h1SwitchToAlert"/>
</testsuite> <!-- hSwitchToCommand.h1SwitchToAlert -->
