<?xml version="1.0" encoding="UTF-8"?>
<!-- Generated by org.testng.reporters.JUnitReportReporter -->
<testsuite skipped="0" hostname="CHEQL0094" name="aSampleScriptonSeleniumWebDriver.a1SampleTestCase" tests="1" failures="0" timestamp="02 Nov 2018 07:42:21 GMT" time="16.751" errors="0">
  <testcase name="registerUser" time="16.751" classname="aSampleScriptonSeleniumWebDriver.a1SampleTestCase"/>
</testsuite> <!-- aSampleScriptonSeleniumWebDriver.a1SampleTestCase -->
