<?xml version="1.0" encoding="UTF-8"?>
<!-- Generated by org.testng.reporters.JUnitReportReporter -->
<testsuite hostname="CHEQL0094" name="aSampleScriptonSeleniumWebDriver.a1SampleTestCase" tests="1" failures="0" timestamp="3 Jan 2019 07:26:55 GMT" time="6.044" errors="0">
  <testcase name="registerUser" time="6.044" classname="aSampleScriptonSeleniumWebDriver.a1SampleTestCase"/>
</testsuite> <!-- aSampleScriptonSeleniumWebDriver.a1SampleTestCase -->
