<?xml version="1.0" encoding="UTF-8"?>
<!-- Generated by org.testng.reporters.JUnitReportReporter -->
<testsuite skipped="0" hostname="CHEQL0094" name="eWait.e1ImplicitlyWaitbeforeException" tests="1" failures="0" timestamp="28 Mar 2019 13:42:17 GMT" time="34.790" errors="0">
  <testcase name="implicitWait" time="34.790" classname="eWait.e1ImplicitlyWaitbeforeException"/>
</testsuite> <!-- eWait.e1ImplicitlyWaitbeforeException -->
