<?xml version="1.0" encoding="UTF-8"?>
<!-- Generated by org.testng.reporters.JUnitReportReporter -->
<testsuite skipped="0" hostname="CHEQL0094" name="iVerifyUIText.i2VerifyToolTip" tests="1" failures="0" timestamp="15 Apr 2019 13:43:56 GMT" time="5.157" errors="0">
  <testcase name="tooltip" time="5.157" classname="iVerifyUIText.i2VerifyToolTip"/>
</testsuite> <!-- iVerifyUIText.i2VerifyToolTip -->
