<?xml version="1.0" encoding="UTF-8"?>
<!-- Generated by org.testng.reporters.JUnitReportReporter -->
<testsuite skipped="0" hostname="CHEQL0094" name="gHeadless.G3PhantomJS" tests="1" failures="0" timestamp="06 Feb 2019 05:38:23 GMT" time="11.255" errors="0">
  <testcase name="PhantomJS" time="11.255" classname="gHeadless.G3PhantomJS"/>
</testsuite> <!-- gHeadless.G3PhantomJS -->
